2019-09-13 17:36:55 ERROR SyncProcessor:42 - 
java.lang.NullPointerException
	at cloud.fogbow.auditingclient.util.OpenStackCloudUtil.assignComputesIps(OpenStackCloudUtil.java:53)
	at cloud.fogbow.auditingclient.core.processors.SyncProcessor.run(SyncProcessor.java:35)
	at java.lang.Thread.run(Thread.java:748)
2019-09-13 17:38:03 ERROR SyncProcessor:42 - 
java.lang.NullPointerException
	at cloud.fogbow.auditingclient.util.OpenStackCloudUtil.assignComputesIps(OpenStackCloudUtil.java:53)
	at cloud.fogbow.auditingclient.core.processors.SyncProcessor.run(SyncProcessor.java:35)
	at java.lang.Thread.run(Thread.java:748)
2019-09-13 17:38:22 ERROR SyncProcessor:42 - 
java.lang.NullPointerException
	at cloud.fogbow.auditingclient.util.OpenStackCloudUtil.assignComputesIps(OpenStackCloudUtil.java:53)
	at cloud.fogbow.auditingclient.core.processors.SyncProcessor.run(SyncProcessor.java:35)
	at java.lang.Thread.run(Thread.java:748)
2019-09-13 17:40:06 ERROR SyncProcessor:42 - 
java.lang.NullPointerException
	at cloud.fogbow.auditingclient.util.OpenStackCloudUtil.assignComputesIps(OpenStackCloudUtil.java:53)
	at cloud.fogbow.auditingclient.core.processors.SyncProcessor.run(SyncProcessor.java:35)
	at java.lang.Thread.run(Thread.java:748)
2019-09-13 17:40:21 ERROR SyncProcessor:42 - 
java.lang.NullPointerException
	at cloud.fogbow.auditingclient.util.OpenStackCloudUtil.assignComputesIps(OpenStackCloudUtil.java:53)
	at cloud.fogbow.auditingclient.core.processors.SyncProcessor.run(SyncProcessor.java:35)
	at java.lang.Thread.run(Thread.java:748)
2019-09-13 17:41:49 ERROR SyncProcessor:42 - 
java.lang.NullPointerException
	at cloud.fogbow.auditingclient.util.OpenStackCloudUtil.assignComputesIps(OpenStackCloudUtil.java:53)
	at cloud.fogbow.auditingclient.core.processors.SyncProcessor.run(SyncProcessor.java:35)
	at java.lang.Thread.run(Thread.java:748)
2019-09-16 09:56:49 ERROR SyncProcessor:42 - 
java.lang.NullPointerException
	at cloud.fogbow.auditingclient.util.OpenStackCloudUtil.assignComputesIps(OpenStackCloudUtil.java:53)
	at cloud.fogbow.auditingclient.core.processors.SyncProcessor.run(SyncProcessor.java:35)
	at java.lang.Thread.run(Thread.java:748)
2019-09-16 09:57:18 ERROR SyncProcessor:42 - 
java.lang.NullPointerException
	at cloud.fogbow.auditingclient.util.OpenStackCloudUtil.assignComputesIps(OpenStackCloudUtil.java:53)
	at cloud.fogbow.auditingclient.core.processors.SyncProcessor.run(SyncProcessor.java:35)
	at java.lang.Thread.run(Thread.java:748)
2019-09-16 09:57:26 ERROR SyncProcessor:42 - 
java.lang.NullPointerException
	at cloud.fogbow.auditingclient.util.OpenStackCloudUtil.assignComputesIps(OpenStackCloudUtil.java:53)
	at cloud.fogbow.auditingclient.core.processors.SyncProcessor.run(SyncProcessor.java:35)
	at java.lang.Thread.run(Thread.java:748)
2019-09-16 09:57:48 ERROR SyncProcessor:42 - 
java.lang.NullPointerException
	at cloud.fogbow.auditingclient.util.OpenStackCloudUtil.assignComputesIps(OpenStackCloudUtil.java:53)
	at cloud.fogbow.auditingclient.core.processors.SyncProcessor.run(SyncProcessor.java:35)
	at java.lang.Thread.run(Thread.java:748)
2019-09-16 09:58:11 ERROR SyncProcessor:42 - 
java.lang.NullPointerException
	at cloud.fogbow.auditingclient.util.OpenStackCloudUtil.assignComputesIps(OpenStackCloudUtil.java:53)
	at cloud.fogbow.auditingclient.core.processors.SyncProcessor.run(SyncProcessor.java:35)
	at java.lang.Thread.run(Thread.java:748)
2019-09-16 09:59:45 ERROR SyncProcessor:42 - 
java.lang.NullPointerException
	at cloud.fogbow.auditingclient.util.OpenStackCloudUtil.assignComputesIps(OpenStackCloudUtil.java:53)
	at cloud.fogbow.auditingclient.core.processors.SyncProcessor.run(SyncProcessor.java:35)
	at java.lang.Thread.run(Thread.java:748)
2019-09-16 10:00:15 ERROR SyncProcessor:42 - 
java.lang.NullPointerException
	at cloud.fogbow.auditingclient.util.OpenStackCloudUtil.assignComputesIps(OpenStackCloudUtil.java:53)
	at cloud.fogbow.auditingclient.core.processors.SyncProcessor.run(SyncProcessor.java:35)
	at java.lang.Thread.run(Thread.java:748)
2019-09-16 10:00:31 ERROR SyncProcessor:42 - 
java.lang.NullPointerException
	at cloud.fogbow.auditingclient.util.OpenStackCloudUtil.assignComputesIps(OpenStackCloudUtil.java:53)
	at cloud.fogbow.auditingclient.core.processors.SyncProcessor.run(SyncProcessor.java:35)
	at java.lang.Thread.run(Thread.java:748)
2019-09-16 10:00:50 ERROR SyncProcessor:42 - 
java.lang.NullPointerException
	at cloud.fogbow.auditingclient.util.OpenStackCloudUtil.assignComputesIps(OpenStackCloudUtil.java:53)
	at cloud.fogbow.auditingclient.core.processors.SyncProcessor.run(SyncProcessor.java:35)
	at java.lang.Thread.run(Thread.java:748)
2019-09-16 10:01:44 ERROR SyncProcessor:42 - 
java.lang.NullPointerException
	at cloud.fogbow.auditingclient.util.OpenStackCloudUtil.assignComputesIps(OpenStackCloudUtil.java:53)
	at cloud.fogbow.auditingclient.core.processors.SyncProcessor.run(SyncProcessor.java:35)
	at java.lang.Thread.run(Thread.java:748)
2019-09-16 10:02:20 ERROR SyncProcessor:42 - 
java.lang.NullPointerException
	at cloud.fogbow.auditingclient.util.OpenStackCloudUtil.assignComputesIps(OpenStackCloudUtil.java:53)
	at cloud.fogbow.auditingclient.core.processors.SyncProcessor.run(SyncProcessor.java:35)
	at java.lang.Thread.run(Thread.java:748)
2019-09-16 10:02:25 ERROR SyncProcessor:42 - 
java.lang.NullPointerException
	at cloud.fogbow.auditingclient.util.OpenStackCloudUtil.assignComputesIps(OpenStackCloudUtil.java:53)
	at cloud.fogbow.auditingclient.core.processors.SyncProcessor.run(SyncProcessor.java:35)
	at java.lang.Thread.run(Thread.java:748)
2019-09-16 10:03:16 ERROR SyncProcessor:42 - 
java.lang.NullPointerException
	at cloud.fogbow.auditingclient.util.OpenStackCloudUtil.assignComputesIps(OpenStackCloudUtil.java:53)
	at cloud.fogbow.auditingclient.core.processors.SyncProcessor.run(SyncProcessor.java:35)
	at java.lang.Thread.run(Thread.java:748)
2019-09-16 10:05:35 ERROR SyncProcessor:42 - 
java.lang.NullPointerException
	at cloud.fogbow.auditingclient.util.OpenStackCloudUtil.assignComputesIps(OpenStackCloudUtil.java:53)
	at cloud.fogbow.auditingclient.core.processors.SyncProcessor.run(SyncProcessor.java:35)
	at java.lang.Thread.run(Thread.java:748)
2019-09-16 10:08:56 ERROR SyncProcessor:42 - 
java.lang.NullPointerException
	at cloud.fogbow.auditingclient.util.OpenStackCloudUtil.assignComputesIps(OpenStackCloudUtil.java:53)
	at cloud.fogbow.auditingclient.core.processors.SyncProcessor.run(SyncProcessor.java:35)
	at java.lang.Thread.run(Thread.java:748)
